<?xml version="1.0" encoding="UTF-8"?><testsuite errors="0" failures="0" name="ui.swagger.crudtests.CategoriesCRUDTest" skipped="0" tests="4" time="8.95" timestamp="2022-06-21T21:11:18.253+01:00[Europe/London]"><testcase classname="ui.swagger.crudtests.CategoriesCRUDTest" name="This will create a New Category"/><testcase classname="ui.swagger.crudtests.CategoriesCRUDTest" name="This test will Verify if the Category was added to the application"/><testcase classname="ui.swagger.crudtests.CategoriesCRUDTest" name="This test will Update the Category information"/><testcase classname="ui.swagger.crudtests.CategoriesCRUDTest" name="This test will Delete the Category"/></testsuite>