<?xml version="1.0" encoding="UTF-8"?><testsuite errors="0" failures="0" name="ui.swagger.crudtests.StoresCRUDTest" skipped="0" tests="4" time="0.15" timestamp="2022-06-07T14:54:02.946+01:00[Europe/London]"><testcase classname="ui.swagger.crudtests.StoresCRUDTest" name="This test will create a New Store"/><testcase classname="ui.swagger.crudtests.StoresCRUDTest" name="This test will verify if the Store was added to the application"/><testcase classname="ui.swagger.crudtests.StoresCRUDTest" name="This test will Update the services information"/><testcase classname="ui.swagger.crudtests.StoresCRUDTest" name="This test will Delete the services by ID"/></testsuite>