<?xml version="1.0" encoding="UTF-8"?><testsuite errors="0" failures="0" name="ui.swagger.crudtests.ServicesCRUDTest" skipped="0" tests="4" time="0.22" timestamp="2022-06-07T14:54:02.689+01:00[Europe/London]"><testcase classname="ui.swagger.crudtests.ServicesCRUDTest" name="This test will create a New Service"/><testcase classname="ui.swagger.crudtests.ServicesCRUDTest" name="This test will Verify if the services was added to the application"/><testcase classname="ui.swagger.crudtests.ServicesCRUDTest" name="This test will Update the Services information"/><testcase classname="ui.swagger.crudtests.ServicesCRUDTest" name="This test will Delete the service by ID"/></testsuite>