<?xml version="1.0" encoding="UTF-8"?><testsuite errors="0" failures="0" name="ui.swagger.crudtests.productsCRUDTest" skipped="0" tests="6" time="1.08" timestamp="2022-06-07T14:54:01.519+01:00[Europe/London]"><testcase classname="ui.swagger.crudtests.productsCRUDTest" name="This test will Create a new Product"/><testcase classname="ui.swagger.crudtests.productsCRUDTest" name="This test will verify product was added to the application"/><testcase classname="ui.swagger.crudtests.productsCRUDTest" name="This test will Update the product information"/><testcase classname="ui.swagger.crudtests.productsCRUDTest" name="This test will Get all the products details"/><testcase classname="ui.swagger.crudtests.productsCRUDTest" name="This test will Get single product details"/><testcase classname="ui.swagger.crudtests.productsCRUDTest" name="This test will Delete product details"/></testsuite>